SF:lib\routes\house_detail_page.dart
DA:15,1
DA:29,1
DA:32,1
DA:37,1
DA:38,1
DA:39,1
DA:40,1
DA:46,1
DA:55,1
DA:56,1
DA:59,1
DA:60,1
DA:62,1
DA:63,1
DA:70,1
DA:72,1
DA:73,1
DA:88,1
DA:89,1
DA:90,1
DA:91,1
DA:93,1
DA:94,1
DA:99,1
DA:100,1
DA:101,2
DA:117,1
DA:119,1
DA:120,1
DA:121,2
DA:122,1
DA:123,1
DA:124,1
DA:128,1
DA:129,1
DA:130,2
DA:134,1
DA:135,1
DA:136,1
DA:147,1
DA:148,1
DA:151,0
DA:153,1
DA:154,1
DA:156,1
DA:159,1
DA:162,1
DA:168,1
DA:170,1
DA:171,1
DA:173,1
DA:174,1
DA:175,1
DA:176,2
DA:181,1
LF:55
LH:54
end_of_record
SF:lib\widgets\carousel.dart
DA:8,1
DA:15,3
DA:16,1
DA:21,1
DA:26,1
DA:47,1
DA:48,1
DA:49,1
DA:58,1
DA:62,1
DA:64,1
DA:65,1
DA:72,1
DA:73,2
DA:75,1
DA:76,1
DA:79,1
DA:84,1
DA:85,2
DA:90,1
DA:92,1
DA:93,1
DA:97,1
DA:98,2
DA:102,1
DA:104,1
DA:105,1
DA:106,1
DA:107,1
DA:116,1
DA:117,2
DA:136,1
DA:138,1
DA:139,2
DA:145,1
DA:147,1
DA:148,1
DA:149,1
DA:150,2
DA:151,1
DA:153,2
DA:154,1
DA:155,0
DA:156,0
DA:157,0
DA:160,1
DA:161,2
DA:165,1
DA:166,1
DA:167,3
DA:178,1
DA:182,1
DA:184,1
DA:185,1
DA:189,1
DA:203,1
DA:204,1
DA:205,3
DA:206,1
DA:207,4
DA:213,1
DA:215,1
DA:217,1
LF:63
LH:60
end_of_record
SF:lib\widgets\house_list.dart
DA:9,1
DA:11,1
DA:12,1
DA:18,1
DA:19,1
DA:20,2
DA:21,1
DA:22,4
DA:28,1
DA:30,1
DA:33,1
DA:34,1
DA:37,1
DA:38,3
DA:39,2
DA:40,1
DA:43,2
LF:17
LH:17
end_of_record
SF:lib\widgets\house_card.dart
DA:7,1
DA:15,0
DA:24,1
DA:26,1
DA:27,1
DA:28,1
DA:30,1
DA:31,1
DA:32,2
DA:33,2
DA:34,0
DA:39,0
DA:40,0
DA:42,1
DA:43,1
DA:51,1
DA:52,1
DA:53,4
DA:57,1
DA:58,1
DA:59,2
LF:21
LH:17
end_of_record
