SF:lib\routes\house_detail_page.dart
DA:20,1
DA:36,1
DA:39,1
DA:44,1
DA:45,1
DA:46,1
DA:47,1
DA:53,1
DA:62,1
DA:63,1
DA:66,1
DA:67,1
DA:69,1
DA:75,1
DA:77,1
DA:78,1
DA:80,1
DA:96,1
DA:97,1
DA:98,1
DA:99,1
DA:101,1
DA:102,1
DA:107,1
DA:108,1
DA:109,2
DA:125,1
DA:127,1
DA:128,1
DA:129,2
DA:130,1
DA:131,1
DA:132,1
DA:136,1
DA:137,1
DA:138,2
DA:142,1
DA:143,1
DA:144,1
DA:155,1
DA:156,1
DA:159,0
DA:161,0
DA:162,1
DA:164,1
DA:171,1
DA:172,1
DA:174,1
DA:175,1
DA:184,1
DA:186,1
DA:187,1
DA:189,1
DA:190,1
DA:191,1
DA:192,1
DA:194,2
DA:195,2
DA:197,2
DA:200,2
DA:205,1
LF:61
LH:59
end_of_record
SF:lib\routes\home_page.dart
DA:8,3
DA:9,1
DA:15,1
DA:24,2
DA:26,1
DA:27,1
DA:34,1
DA:36,2
DA:37,1
DA:40,1
DA:42,1
DA:43,1
DA:44,1
DA:46,1
DA:47,1
DA:48,1
DA:50,1
DA:51,1
DA:52,1
DA:54,1
DA:71,1
DA:73,1
DA:78,1
DA:80,1
DA:81,0
DA:82,0
DA:84,0
DA:87,1
DA:106,1
DA:108,1
DA:109,1
DA:110,1
DA:111,1
DA:112,1
DA:117,1
DA:119,1
DA:121,1
DA:125,1
DA:128,1
DA:129,1
DA:132,1
DA:135,1
DA:138,1
DA:142,1
DA:145,1
DA:146,1
DA:147,1
DA:172,1
DA:174,1
DA:175,1
DA:179,1
DA:181,1
LF:52
LH:49
end_of_record
SF:lib\routes\house_list_page.dart
DA:12,1
DA:13,1
DA:15,1
DA:16,1
DA:17,1
DA:18,2
DA:30,2
DA:33,0
DA:37,1
DA:38,1
DA:45,1
DA:47,1
DA:48,2
DA:49,2
DA:50,1
DA:51,1
DA:52,1
DA:58,1
DA:60,2
DA:61,1
DA:62,1
DA:64,1
DA:65,1
DA:66,2
DA:68,1
DA:73,1
DA:74,1
LF:27
LH:26
end_of_record
SF:lib\widgets\carousel.dart
DA:9,1
DA:17,3
DA:18,1
DA:24,1
DA:30,1
DA:52,1
DA:54,2
DA:55,1
DA:65,1
DA:69,1
DA:71,1
DA:72,1
DA:79,1
DA:80,2
DA:82,1
DA:83,1
DA:86,1
DA:91,1
DA:92,2
DA:97,1
DA:99,1
DA:100,1
DA:104,2
DA:105,1
DA:106,2
DA:109,1
DA:110,2
DA:114,1
DA:116,1
DA:117,1
DA:118,1
DA:119,1
DA:128,1
DA:129,2
DA:148,1
DA:150,1
DA:151,2
DA:157,1
DA:159,1
DA:160,1
DA:161,1
DA:162,2
DA:163,1
DA:165,3
DA:166,1
DA:167,1
DA:168,2
DA:169,1
DA:172,1
DA:173,2
DA:177,1
DA:178,1
DA:179,3
DA:190,1
DA:194,1
DA:196,1
DA:197,1
DA:201,1
DA:215,1
DA:216,1
DA:217,3
DA:218,1
DA:219,4
DA:225,1
DA:227,1
DA:229,1
LF:66
LH:66
end_of_record
SF:lib\widgets\house_card.dart
DA:9,1
DA:17,0
DA:26,1
DA:28,1
DA:29,1
DA:30,1
DA:32,1
DA:33,1
DA:34,2
DA:35,2
DA:36,0
DA:39,1
DA:40,1
DA:42,1
DA:43,2
DA:44,1
DA:45,1
DA:46,1
DA:47,1
DA:48,1
DA:49,1
DA:56,1
DA:57,1
DA:65,1
DA:66,1
DA:67,4
DA:71,1
DA:72,1
DA:73,2
LF:29
LH:27
end_of_record
SF:lib\widgets\house_list.dart
DA:9,3
DA:11,1
DA:12,1
DA:18,1
DA:19,1
DA:20,2
DA:21,1
DA:22,4
DA:28,1
DA:30,1
DA:33,1
DA:34,1
DA:37,1
DA:38,3
DA:39,2
DA:40,1
DA:43,2
LF:17
LH:17
end_of_record
SF:lib\routes\search_page.dart
DA:26,1
DA:27,1
DA:29,1
DA:32,1
DA:34,1
DA:36,1
DA:37,1
DA:40,1
DA:45,1
DA:47,2
DA:53,1
DA:55,1
DA:56,1
DA:57,1
DA:60,0
DA:65,1
DA:67,1
DA:70,2
DA:72,4
DA:73,1
DA:90,1
DA:92,2
DA:93,1
DA:94,6
DA:95,2
DA:99,1
DA:100,1
DA:101,2
DA:102,1
DA:103,1
DA:104,2
DA:105,1
DA:106,4
DA:111,1
DA:112,1
DA:113,4
DA:122,1
DA:123,4
DA:124,1
DA:125,3
DA:126,1
DA:134,1
DA:136,1
DA:137,1
DA:141,1
DA:143,1
DA:145,1
DA:147,1
DA:153,1
DA:168,1
DA:170,1
DA:171,1
DA:186,1
DA:188,1
DA:191,3
DA:192,1
DA:193,1
DA:202,2
DA:204,1
DA:205,1
DA:209,1
DA:211,1
DA:212,1
DA:213,3
DA:214,2
DA:216,1
DA:217,4
LF:67
LH:66
end_of_record
SF:lib\routes\map_navigation_page.dart
DA:7,1
DA:9,1
DA:10,1
DA:14,1
DA:16,1
DA:17,1
DA:23,1
DA:26,0
DA:27,0
DA:35,1
LF:10
LH:8
end_of_record
SF:lib\widgets\selection.dart
DA:8,1
DA:9,3
DA:11,1
DA:12,1
DA:13,2
DA:15,1
DA:16,0
DA:22,0
LF:8
LH:6
end_of_record
SF:lib\widgets\map.dart
DA:15,0
DA:32,1
DA:38,0
DA:40,1
DA:41,1
DA:49,1
DA:50,1
DA:51,0
DA:52,0
DA:55,0
DA:56,0
DA:57,0
DA:59,0
DA:62,0
DA:63,0
DA:64,0
DA:65,0
DA:67,0
DA:68,0
DA:69,0
DA:70,0
DA:71,0
DA:73,0
DA:74,0
DA:75,0
DA:76,0
DA:79,0
DA:83,0
DA:84,0
DA:85,0
DA:86,0
DA:88,0
DA:90,0
DA:92,0
DA:93,0
DA:96,0
DA:97,0
DA:98,0
DA:100,0
DA:104,0
DA:105,0
DA:110,1
DA:112,3
DA:113,2
DA:114,0
DA:115,0
DA:116,0
DA:117,0
DA:118,0
DA:121,0
DA:122,0
DA:123,0
DA:124,0
DA:125,0
DA:127,0
DA:128,0
DA:129,0
DA:130,0
DA:131,0
DA:133,0
DA:134,0
DA:136,0
DA:138,0
DA:139,0
DA:143,0
DA:144,0
DA:145,0
DA:146,0
DA:149,0
DA:152,0
DA:153,0
DA:154,0
DA:158,0
DA:160,1
DA:161,2
DA:162,3
DA:163,2
LF:77
LH:12
end_of_record
SF:lib\widgets\navigation_card.dart
DA:4,1
DA:6,1
DA:7,1
DA:11,1
DA:13,1
DA:20,1
DA:21,1
DA:22,1
DA:23,1
DA:24,1
DA:29,1
DA:43,1
DA:45,1
DA:47,1
DA:49,1
DA:50,1
DA:52,1
DA:55,1
DA:57,1
DA:59,1
DA:67,1
DA:68,1
DA:71,1
DA:79,1
DA:81,1
DA:82,1
DA:89,1
DA:96,1
DA:103,1
DA:114,1
DA:115,1
DA:116,1
DA:117,1
DA:120,1
DA:121,1
DA:124,1
DA:127,0
DA:128,0
DA:131,1
DA:134,0
DA:135,0
DA:138,1
DA:141,0
DA:142,0
DA:149,1
DA:150,1
DA:152,1
DA:162,1
DA:180,1
DA:182,0
DA:184,1
DA:186,1
DA:187,1
DA:190,1
DA:198,1
DA:199,1
DA:200,1
DA:202,1
DA:216,1
DA:218,1
DA:222,1
DA:223,0
DA:226,1
DA:231,1
DA:232,1
DA:251,1
DA:256,0
DA:258,1
DA:259,1
DA:265,1
DA:267,1
DA:269,1
DA:270,1
DA:271,1
DA:273,2
DA:277,2
DA:279,2
LF:77
LH:68
end_of_record
SF:lib\widgets\map\widget_to_image.dart
DA:8,0
DA:15,0
DA:16,0
DA:17,0
DA:21,0
DA:25,0
DA:27,0
DA:28,0
DA:29,0
DA:30,0
DA:31,0
DA:33,0
DA:36,0
DA:37,0
DA:38,0
DA:39,0
DA:40,0
DA:41,0
DA:42,0
DA:45,0
DA:48,0
DA:49,0
DA:50,0
LF:23
LH:0
end_of_record
